<?xml version="1.0" encoding="UTF-8"?>
<!-- Generated by org.testng.reporters.JUnitReportReporter -->
<testsuite hostname="Glosyss-MacBook-Pro-2.local" failures="0" tests="1" name="Program.MBA.MBAProgram" time="167.648" errors="0" timestamp="2025-05-16T14:53:18 IST" skipped="0">
  <testcase classname="Program.MBA.MBAProgram" name="Meet_our_top_ranked_facultydhh" time="167.648"/>
</testsuite> <!-- Program.MBA.MBAProgram -->
